# JRE version: OpenJDK Runtime Environment (8.0_202-b03) (build 1.8.0_202-release-1483-b03)
# Java VM: OpenJDK 64-Bit Server VM (25.202-b03 mixed mode windows-amd64 compressed oops)
Heap:
 PSYoungGen      total 372736K, used 186083K [0x00000000e0000000, 0x00000000fa500000, 0x0000000100000000)
  eden space 339968K, 54% used [0x00000000e0000000,0x00000000eb5b8ef0,0x00000000f4c00000)
  from space 32768K, 0% used [0x00000000f7080000,0x00000000f7080000,0x00000000f9080000)
  to   space 37376K, 0% used [0x00000000f4c00000,0x00000000f4c00000,0x00000000f7080000)
 ParOldGen       total 208384K, used 93507K [0x00000000a0000000, 0x00000000acb80000, 0x00000000e0000000)
  object space 208384K, 44% used [0x00000000a0000000,0x00000000a5b50c78,0x00000000acb80000)
 Metaspace       used 100312K, capacity 104450K, committed 104792K, reserved 1140736K
  class space    used 12820K, capacity 13639K, committed 13696K, reserved 1048576K
GC Heap History (10 events):
Event: 365.247 GC heap before
{Heap before GC invocations=18 (full 3):
 PSYoungGen      total 256000K, used 248295K [0x00000000e0000000, 0x00000000f1700000, 0x0000000100000000)
  eden space 242688K, 100% used [0x00000000e0000000,0x00000000eed00000,0x00000000eed00000)
  from space 13312K, 42% used [0x00000000f0a00000,0x00000000f0f79f60,0x00000000f1700000)
  to   space 21504K, 0% used [0x00000000eed00000,0x00000000eed00000,0x00000000f0200000)
 ParOldGen       total 112640K, used 38909K [0x00000000a0000000, 0x00000000a6e00000, 0x00000000e0000000)
  object space 112640K, 34% used [0x00000000a0000000,0x00000000a25ff458,0x00000000a6e00000)
 Metaspace       used 82385K, capacity 85252K, committed 85464K, reserved 1124352K
  class space    used 10636K, capacity 11245K, committed 11264K, reserved 1048576K
Event: 365.275 GC heap after
Heap after GC invocations=18 (full 3):
 PSYoungGen      total 264192K, used 19665K [0x00000000e0000000, 0x00000000f5c80000, 0x0000000100000000)
  eden space 242688K, 0% used [0x00000000e0000000,0x00000000e0000000,0x00000000eed00000)
  from space 21504K, 91% used [0x00000000eed00000,0x00000000f0034738,0x00000000f0200000)
  to   space 24064K, 0% used [0x00000000f4500000,0x00000000f4500000,0x00000000f5c80000)
 ParOldGen       total 112640K, used 40104K [0x00000000a0000000, 0x00000000a6e00000, 0x00000000e0000000)
  object space 112640K, 35% used [0x00000000a0000000,0x00000000a272a098,0x00000000a6e00000)
 Metaspace       used 82385K, capacity 85252K, committed 85464K, reserved 1124352K
  class space    used 10636K, capacity 11245K, committed 11264K, reserved 1048576K
}
Event: 376.102 GC heap before
{Heap before GC invocations=19 (full 3):
 PSYoungGen      total 264192K, used 262353K [0x00000000e0000000, 0x00000000f5c80000, 0x0000000100000000)
  eden space 242688K, 100% used [0x00000000e0000000,0x00000000eed00000,0x00000000eed00000)
  from space 21504K, 91% used [0x00000000eed00000,0x00000000f0034738,0x00000000f0200000)
  to   space 24064K, 0% used [0x00000000f4500000,0x00000000f4500000,0x00000000f5c80000)
 ParOldGen       total 112640K, used 40104K [0x00000000a0000000, 0x00000000a6e00000, 0x00000000e0000000)
  object space 112640K, 35% used [0x00000000a0000000,0x00000000a272a098,0x00000000a6e00000)
 Metaspace       used 87272K, capacity 90452K, committed 90712K, reserved 1128448K
  class space    used 11386K, capacity 12090K, committed 12160K, reserved 1048576K
Event: 376.175 GC heap after
Heap after GC invocations=19 (full 3):
 PSYoungGen      total 326144K, used 24050K [0x00000000e0000000, 0x00000000f6300000, 0x0000000100000000)
  eden space 302080K, 0% used [0x00000000e0000000,0x00000000e0000000,0x00000000f2700000)
  from space 24064K, 99% used [0x00000000f4500000,0x00000000f5c7cb00,0x00000000f5c80000)
  to   space 30720K, 0% used [0x00000000f2700000,0x00000000f2700000,0x00000000f4500000)
 ParOldGen       total 112640K, used 47024K [0x00000000a0000000, 0x00000000a6e00000, 0x00000000e0000000)
  object space 112640K, 41% used [0x00000000a0000000,0x00000000a2dec3c8,0x00000000a6e00000)
 Metaspace       used 87272K, capacity 90452K, committed 90712K, reserved 1128448K
  class space    used 11386K, capacity 12090K, committed 12160K, reserved 1048576K
}
Event: 391.496 GC heap before
{Heap before GC invocations=20 (full 3):
 PSYoungGen      total 326144K, used 326130K [0x00000000e0000000, 0x00000000f6300000, 0x0000000100000000)
  eden space 302080K, 100% used [0x00000000e0000000,0x00000000f2700000,0x00000000f2700000)
  from space 24064K, 99% used [0x00000000f4500000,0x00000000f5c7cb00,0x00000000f5c80000)
  to   space 30720K, 0% used [0x00000000f2700000,0x00000000f2700000,0x00000000f4500000)
 ParOldGen       total 112640K, used 47024K [0x00000000a0000000, 0x00000000a6e00000, 0x00000000e0000000)
  object space 112640K, 41% used [0x00000000a0000000,0x00000000a2dec3c8,0x00000000a6e00000)
 Metaspace       used 94033K, capacity 97698K, committed 98008K, reserved 1134592K
  class space    used 12243K, capacity 12965K, committed 13056K, reserved 1048576K
Event: 391.542 GC heap after
Heap after GC invocations=20 (full 3):
 PSYoungGen      total 332800K, used 22818K [0x00000000e0000000, 0x00000000f9080000, 0x0000000100000000)
  eden space 302080K, 0% used [0x00000000e0000000,0x00000000e0000000,0x00000000f2700000)
  from space 30720K, 74% used [0x00000000f2700000,0x00000000f3d489f8,0x00000000f4500000)
  to   space 32768K, 0% used [0x00000000f7080000,0x00000000f7080000,0x00000000f9080000)
 ParOldGen       total 112640K, used 70835K [0x00000000a0000000, 0x00000000a6e00000, 0x00000000e0000000)
  object space 112640K, 62% used [0x00000000a0000000,0x00000000a452ce80,0x00000000a6e00000)
 Metaspace       used 94033K, capacity 97698K, committed 98008K, reserved 1134592K
  class space    used 12243K, capacity 12965K, committed 13056K, reserved 1048576K
}
Event: 392.285 GC heap before
{Heap before GC invocations=21 (full 3):
 PSYoungGen      total 332800K, used 173038K [0x00000000e0000000, 0x00000000f9080000, 0x0000000100000000)
  eden space 302080K, 49% used [0x00000000e0000000,0x00000000e92b3060,0x00000000f2700000)
  from space 30720K, 74% used [0x00000000f2700000,0x00000000f3d489f8,0x00000000f4500000)
  to   space 32768K, 0% used [0x00000000f7080000,0x00000000f7080000,0x00000000f9080000)
 ParOldGen       total 112640K, used 70835K [0x00000000a0000000, 0x00000000a6e00000, 0x00000000e0000000)
  object space 112640K, 62% used [0x00000000a0000000,0x00000000a452ce80,0x00000000a6e00000)
 Metaspace       used 94508K, capacity 98286K, committed 98380K, reserved 1134592K
  class space    used 12316K, capacity 13055K, committed 13056K, reserved 1048576K
Event: 392.319 GC heap after
Heap after GC invocations=21 (full 3):
 PSYoungGen      total 372736K, used 31336K [0x00000000e0000000, 0x00000000fa500000, 0x0000000100000000)
  eden space 339968K, 0% used [0x00000000e0000000,0x00000000e0000000,0x00000000f4c00000)
  from space 32768K, 95% used [0x00000000f7080000,0x00000000f8f1a2f0,0x00000000f9080000)
  to   space 37376K, 0% used [0x00000000f4c00000,0x00000000f4c00000,0x00000000f7080000)
 ParOldGen       total 112640K, used 70843K [0x00000000a0000000, 0x00000000a6e00000, 0x00000000e0000000)
  object space 112640K, 62% used [0x00000000a0000000,0x00000000a452ee80,0x00000000a6e00000)
 Metaspace       used 94508K, capacity 98286K, committed 98380K, reserved 1134592K
  class space    used 12316K, capacity 13055K, committed 13056K, reserved 1048576K
}
Event: 392.319 GC heap before
{Heap before GC invocations=22 (full 4):
 PSYoungGen      total 372736K, used 31336K [0x00000000e0000000, 0x00000000fa500000, 0x0000000100000000)
  eden space 339968K, 0% used [0x00000000e0000000,0x00000000e0000000,0x00000000f4c00000)
  from space 32768K, 95% used [0x00000000f7080000,0x00000000f8f1a2f0,0x00000000f9080000)
  to   space 37376K, 0% used [0x00000000f4c00000,0x00000000f4c00000,0x00000000f7080000)
 ParOldGen       total 112640K, used 70843K [0x00000000a0000000, 0x00000000a6e00000, 0x00000000e0000000)
  object space 112640K, 62% used [0x00000000a0000000,0x00000000a452ee80,0x00000000a6e00000)
 Metaspace       used 94508K, capacity 98286K, committed 98380K, reserved 1134592K
  class space    used 12316K, capacity 13055K, committed 13056K, reserved 1048576K
Event: 392.645 GC heap after
Heap after GC invocations=22 (full 4):
 PSYoungGen      total 372736K, used 0K [0x00000000e0000000, 0x00000000fa500000, 0x0000000100000000)
  eden space 339968K, 0% used [0x00000000e0000000,0x00000000e0000000,0x00000000f4c00000)
  from space 32768K, 0% used [0x00000000f7080000,0x00000000f7080000,0x00000000f9080000)
  to   space 37376K, 0% used [0x00000000f4c00000,0x00000000f4c00000,0x00000000f7080000)
 ParOldGen       total 208384K, used 93507K [0x00000000a0000000, 0x00000000acb80000, 0x00000000e0000000)
  object space 208384K, 44% used [0x00000000a0000000,0x00000000a5b50c78,0x00000000acb80000)
 Metaspace       used 94397K, capacity 98030K, committed 98380K, reserved 1134592K
  class space    used 12284K, capacity 13008K, committed 13056K, reserved 1048576K
}

